<?xml version="1.0" encoding="UTF-8"?>
<robot generator="Robot 4.0.2 (Python 3.9.5 on win32)" generated="20210716 20:03:38.866" rpa="false" schemaversion="2">
<suite id="s1" name="Exercicios 5" source="C:\Users\galea\OneDrive\Área de Trabalho\treinamentoSIS\exercicios_5.robot">
<test id="s1-t1" name="1 - Crie uma keyword que imprima no console as condições: Caso a idade seja maior ou igual a 18 anos = Maior de idade; Caso a idade seja menor que 18 anos = Menor de idade">
<kw name="Verificar maioridade">
<arg>23</arg>
<if>
<branch type="IF" condition="'${Idade}' &gt;= '18'">
<kw name="Log To Console" library="BuiltIn">
<arg>Maior de idade</arg>
<doc>Logs the given message to the console.</doc>
<status status="PASS" starttime="20210716 20:03:38.908" endtime="20210716 20:03:38.908"/>
</kw>
<status status="PASS" starttime="20210716 20:03:38.907" endtime="20210716 20:03:38.908"/>
</branch>
<branch type="ELSE">
<kw name="Log To Console" library="BuiltIn">
<arg>Menor de idade</arg>
<doc>Logs the given message to the console.</doc>
<status status="NOT RUN" starttime="20210716 20:03:38.909" endtime="20210716 20:03:38.909"/>
</kw>
<status status="NOT RUN" starttime="20210716 20:03:38.908" endtime="20210716 20:03:38.909"/>
</branch>
<status status="PASS" starttime="20210716 20:03:38.907" endtime="20210716 20:03:38.909"/>
</if>
<status status="PASS" starttime="20210716 20:03:38.907" endtime="20210716 20:03:38.909"/>
</kw>
<status status="PASS" starttime="20210716 20:03:38.905" endtime="20210716 20:03:38.910"/>
</test>
<test id="s1-t2" name="2 - Crie uma keyword que receba uma lista de números e imprima no console se um número é par ou ímpar">
<kw name="Verificar numeros impares e pares">
<for flavor="IN">
<var>${count}</var>
<value>@{Numeros}</value>
<iter>
<var name="${count}">1</var>
<kw name="Evaluate" library="BuiltIn">
<var>${VALOR}</var>
<arg>${count}%2</arg>
<doc>Evaluates the given expression in Python and returns the result.</doc>
<msg timestamp="20210716 20:03:38.915" level="INFO">${VALOR} = 1</msg>
<status status="PASS" starttime="20210716 20:03:38.915" endtime="20210716 20:03:38.915"/>
</kw>
<if>
<branch type="IF" condition="'${VALOR}' == '0'">
<kw name="Log To Console" library="BuiltIn">
<arg>${count} é número par</arg>
<doc>Logs the given message to the console.</doc>
<status status="NOT RUN" starttime="20210716 20:03:38.917" endtime="20210716 20:03:38.917"/>
</kw>
<status status="NOT RUN" starttime="20210716 20:03:38.917" endtime="20210716 20:03:38.917"/>
</branch>
<branch type="ELSE">
<kw name="Log To Console" library="BuiltIn">
<arg>${count} é número impar</arg>
<doc>Logs the given message to the console.</doc>
<status status="PASS" starttime="20210716 20:03:38.917" endtime="20210716 20:03:38.920"/>
</kw>
<status status="PASS" starttime="20210716 20:03:38.917" endtime="20210716 20:03:38.922"/>
</branch>
<status status="PASS" starttime="20210716 20:03:38.916" endtime="20210716 20:03:38.922"/>
</if>
<status status="PASS" starttime="20210716 20:03:38.915" endtime="20210716 20:03:38.922"/>
</iter>
<iter>
<var name="${count}">2</var>
<kw name="Evaluate" library="BuiltIn">
<var>${VALOR}</var>
<arg>${count}%2</arg>
<doc>Evaluates the given expression in Python and returns the result.</doc>
<msg timestamp="20210716 20:03:38.922" level="INFO">${VALOR} = 0</msg>
<status status="PASS" starttime="20210716 20:03:38.922" endtime="20210716 20:03:38.923"/>
</kw>
<if>
<branch type="IF" condition="'${VALOR}' == '0'">
<kw name="Log To Console" library="BuiltIn">
<arg>${count} é número par</arg>
<doc>Logs the given message to the console.</doc>
<status status="PASS" starttime="20210716 20:03:38.925" endtime="20210716 20:03:38.926"/>
</kw>
<status status="PASS" starttime="20210716 20:03:38.924" endtime="20210716 20:03:38.927"/>
</branch>
<branch type="ELSE">
<kw name="Log To Console" library="BuiltIn">
<arg>${count} é número impar</arg>
<doc>Logs the given message to the console.</doc>
<status status="NOT RUN" starttime="20210716 20:03:38.927" endtime="20210716 20:03:38.927"/>
</kw>
<status status="NOT RUN" starttime="20210716 20:03:38.927" endtime="20210716 20:03:38.927"/>
</branch>
<status status="PASS" starttime="20210716 20:03:38.924" endtime="20210716 20:03:38.927"/>
</if>
<status status="PASS" starttime="20210716 20:03:38.922" endtime="20210716 20:03:38.927"/>
</iter>
<iter>
<var name="${count}">3</var>
<kw name="Evaluate" library="BuiltIn">
<var>${VALOR}</var>
<arg>${count}%2</arg>
<doc>Evaluates the given expression in Python and returns the result.</doc>
<msg timestamp="20210716 20:03:38.927" level="INFO">${VALOR} = 1</msg>
<status status="PASS" starttime="20210716 20:03:38.927" endtime="20210716 20:03:38.928"/>
</kw>
<if>
<branch type="IF" condition="'${VALOR}' == '0'">
<kw name="Log To Console" library="BuiltIn">
<arg>${count} é número par</arg>
<doc>Logs the given message to the console.</doc>
<status status="NOT RUN" starttime="20210716 20:03:38.930" endtime="20210716 20:03:38.930"/>
</kw>
<status status="NOT RUN" starttime="20210716 20:03:38.928" endtime="20210716 20:03:38.930"/>
</branch>
<branch type="ELSE">
<kw name="Log To Console" library="BuiltIn">
<arg>${count} é número impar</arg>
<doc>Logs the given message to the console.</doc>
<status status="PASS" starttime="20210716 20:03:38.931" endtime="20210716 20:03:38.934"/>
</kw>
<status status="PASS" starttime="20210716 20:03:38.931" endtime="20210716 20:03:38.934"/>
</branch>
<status status="PASS" starttime="20210716 20:03:38.928" endtime="20210716 20:03:38.934"/>
</if>
<status status="PASS" starttime="20210716 20:03:38.927" endtime="20210716 20:03:38.934"/>
</iter>
<iter>
<var name="${count}">4</var>
<kw name="Evaluate" library="BuiltIn">
<var>${VALOR}</var>
<arg>${count}%2</arg>
<doc>Evaluates the given expression in Python and returns the result.</doc>
<msg timestamp="20210716 20:03:38.935" level="INFO">${VALOR} = 0</msg>
<status status="PASS" starttime="20210716 20:03:38.934" endtime="20210716 20:03:38.935"/>
</kw>
<if>
<branch type="IF" condition="'${VALOR}' == '0'">
<kw name="Log To Console" library="BuiltIn">
<arg>${count} é número par</arg>
<doc>Logs the given message to the console.</doc>
<status status="PASS" starttime="20210716 20:03:38.935" endtime="20210716 20:03:38.936"/>
</kw>
<status status="PASS" starttime="20210716 20:03:38.935" endtime="20210716 20:03:38.936"/>
</branch>
<branch type="ELSE">
<kw name="Log To Console" library="BuiltIn">
<arg>${count} é número impar</arg>
<doc>Logs the given message to the console.</doc>
<status status="NOT RUN" starttime="20210716 20:03:38.936" endtime="20210716 20:03:38.936"/>
</kw>
<status status="NOT RUN" starttime="20210716 20:03:38.936" endtime="20210716 20:03:38.936"/>
</branch>
<status status="PASS" starttime="20210716 20:03:38.935" endtime="20210716 20:03:38.936"/>
</if>
<status status="PASS" starttime="20210716 20:03:38.934" endtime="20210716 20:03:38.936"/>
</iter>
<iter>
<var name="${count}">5</var>
<kw name="Evaluate" library="BuiltIn">
<var>${VALOR}</var>
<arg>${count}%2</arg>
<doc>Evaluates the given expression in Python and returns the result.</doc>
<msg timestamp="20210716 20:03:38.937" level="INFO">${VALOR} = 1</msg>
<status status="PASS" starttime="20210716 20:03:38.937" endtime="20210716 20:03:38.937"/>
</kw>
<if>
<branch type="IF" condition="'${VALOR}' == '0'">
<kw name="Log To Console" library="BuiltIn">
<arg>${count} é número par</arg>
<doc>Logs the given message to the console.</doc>
<status status="NOT RUN" starttime="20210716 20:03:38.938" endtime="20210716 20:03:38.938"/>
</kw>
<status status="NOT RUN" starttime="20210716 20:03:38.938" endtime="20210716 20:03:38.938"/>
</branch>
<branch type="ELSE">
<kw name="Log To Console" library="BuiltIn">
<arg>${count} é número impar</arg>
<doc>Logs the given message to the console.</doc>
<status status="PASS" starttime="20210716 20:03:38.938" endtime="20210716 20:03:38.940"/>
</kw>
<status status="PASS" starttime="20210716 20:03:38.938" endtime="20210716 20:03:38.940"/>
</branch>
<status status="PASS" starttime="20210716 20:03:38.938" endtime="20210716 20:03:38.940"/>
</if>
<status status="PASS" starttime="20210716 20:03:38.936" endtime="20210716 20:03:38.940"/>
</iter>
<iter>
<var name="${count}">6</var>
<kw name="Evaluate" library="BuiltIn">
<var>${VALOR}</var>
<arg>${count}%2</arg>
<doc>Evaluates the given expression in Python and returns the result.</doc>
<msg timestamp="20210716 20:03:38.941" level="INFO">${VALOR} = 0</msg>
<status status="PASS" starttime="20210716 20:03:38.940" endtime="20210716 20:03:38.941"/>
</kw>
<if>
<branch type="IF" condition="'${VALOR}' == '0'">
<kw name="Log To Console" library="BuiltIn">
<arg>${count} é número par</arg>
<doc>Logs the given message to the console.</doc>
<status status="PASS" starttime="20210716 20:03:38.941" endtime="20210716 20:03:38.942"/>
</kw>
<status status="PASS" starttime="20210716 20:03:38.941" endtime="20210716 20:03:38.942"/>
</branch>
<branch type="ELSE">
<kw name="Log To Console" library="BuiltIn">
<arg>${count} é número impar</arg>
<doc>Logs the given message to the console.</doc>
<status status="NOT RUN" starttime="20210716 20:03:38.943" endtime="20210716 20:03:38.943"/>
</kw>
<status status="NOT RUN" starttime="20210716 20:03:38.942" endtime="20210716 20:03:38.943"/>
</branch>
<status status="PASS" starttime="20210716 20:03:38.941" endtime="20210716 20:03:38.943"/>
</if>
<status status="PASS" starttime="20210716 20:03:38.940" endtime="20210716 20:03:38.944"/>
</iter>
<iter>
<var name="${count}">7</var>
<kw name="Evaluate" library="BuiltIn">
<var>${VALOR}</var>
<arg>${count}%2</arg>
<doc>Evaluates the given expression in Python and returns the result.</doc>
<msg timestamp="20210716 20:03:38.948" level="INFO">${VALOR} = 1</msg>
<status status="PASS" starttime="20210716 20:03:38.945" endtime="20210716 20:03:38.948"/>
</kw>
<if>
<branch type="IF" condition="'${VALOR}' == '0'">
<kw name="Log To Console" library="BuiltIn">
<arg>${count} é número par</arg>
<doc>Logs the given message to the console.</doc>
<status status="NOT RUN" starttime="20210716 20:03:38.949" endtime="20210716 20:03:38.950"/>
</kw>
<status status="NOT RUN" starttime="20210716 20:03:38.949" endtime="20210716 20:03:38.950"/>
</branch>
<branch type="ELSE">
<kw name="Log To Console" library="BuiltIn">
<arg>${count} é número impar</arg>
<doc>Logs the given message to the console.</doc>
<status status="PASS" starttime="20210716 20:03:38.950" endtime="20210716 20:03:38.952"/>
</kw>
<status status="PASS" starttime="20210716 20:03:38.950" endtime="20210716 20:03:38.952"/>
</branch>
<status status="PASS" starttime="20210716 20:03:38.948" endtime="20210716 20:03:38.952"/>
</if>
<status status="PASS" starttime="20210716 20:03:38.945" endtime="20210716 20:03:38.952"/>
</iter>
<iter>
<var name="${count}">8</var>
<kw name="Evaluate" library="BuiltIn">
<var>${VALOR}</var>
<arg>${count}%2</arg>
<doc>Evaluates the given expression in Python and returns the result.</doc>
<msg timestamp="20210716 20:03:38.953" level="INFO">${VALOR} = 0</msg>
<status status="PASS" starttime="20210716 20:03:38.952" endtime="20210716 20:03:38.953"/>
</kw>
<if>
<branch type="IF" condition="'${VALOR}' == '0'">
<kw name="Log To Console" library="BuiltIn">
<arg>${count} é número par</arg>
<doc>Logs the given message to the console.</doc>
<status status="PASS" starttime="20210716 20:03:38.954" endtime="20210716 20:03:38.955"/>
</kw>
<status status="PASS" starttime="20210716 20:03:38.953" endtime="20210716 20:03:38.955"/>
</branch>
<branch type="ELSE">
<kw name="Log To Console" library="BuiltIn">
<arg>${count} é número impar</arg>
<doc>Logs the given message to the console.</doc>
<status status="NOT RUN" starttime="20210716 20:03:38.955" endtime="20210716 20:03:38.956"/>
</kw>
<status status="NOT RUN" starttime="20210716 20:03:38.955" endtime="20210716 20:03:38.956"/>
</branch>
<status status="PASS" starttime="20210716 20:03:38.953" endtime="20210716 20:03:38.956"/>
</if>
<status status="PASS" starttime="20210716 20:03:38.952" endtime="20210716 20:03:38.956"/>
</iter>
<iter>
<var name="${count}">9</var>
<kw name="Evaluate" library="BuiltIn">
<var>${VALOR}</var>
<arg>${count}%2</arg>
<doc>Evaluates the given expression in Python and returns the result.</doc>
<msg timestamp="20210716 20:03:38.957" level="INFO">${VALOR} = 1</msg>
<status status="PASS" starttime="20210716 20:03:38.956" endtime="20210716 20:03:38.957"/>
</kw>
<if>
<branch type="IF" condition="'${VALOR}' == '0'">
<kw name="Log To Console" library="BuiltIn">
<arg>${count} é número par</arg>
<doc>Logs the given message to the console.</doc>
<status status="NOT RUN" starttime="20210716 20:03:38.957" endtime="20210716 20:03:38.957"/>
</kw>
<status status="NOT RUN" starttime="20210716 20:03:38.957" endtime="20210716 20:03:38.957"/>
</branch>
<branch type="ELSE">
<kw name="Log To Console" library="BuiltIn">
<arg>${count} é número impar</arg>
<doc>Logs the given message to the console.</doc>
<status status="PASS" starttime="20210716 20:03:38.957" endtime="20210716 20:03:38.959"/>
</kw>
<status status="PASS" starttime="20210716 20:03:38.957" endtime="20210716 20:03:38.959"/>
</branch>
<status status="PASS" starttime="20210716 20:03:38.957" endtime="20210716 20:03:38.959"/>
</if>
<status status="PASS" starttime="20210716 20:03:38.956" endtime="20210716 20:03:38.959"/>
</iter>
<iter>
<var name="${count}">10</var>
<kw name="Evaluate" library="BuiltIn">
<var>${VALOR}</var>
<arg>${count}%2</arg>
<doc>Evaluates the given expression in Python and returns the result.</doc>
<msg timestamp="20210716 20:03:38.960" level="INFO">${VALOR} = 0</msg>
<status status="PASS" starttime="20210716 20:03:38.959" endtime="20210716 20:03:38.960"/>
</kw>
<if>
<branch type="IF" condition="'${VALOR}' == '0'">
<kw name="Log To Console" library="BuiltIn">
<arg>${count} é número par</arg>
<doc>Logs the given message to the console.</doc>
<status status="PASS" starttime="20210716 20:03:38.961" endtime="20210716 20:03:38.965"/>
</kw>
<status status="PASS" starttime="20210716 20:03:38.960" endtime="20210716 20:03:38.965"/>
</branch>
<branch type="ELSE">
<kw name="Log To Console" library="BuiltIn">
<arg>${count} é número impar</arg>
<doc>Logs the given message to the console.</doc>
<status status="NOT RUN" starttime="20210716 20:03:38.966" endtime="20210716 20:03:38.966"/>
</kw>
<status status="NOT RUN" starttime="20210716 20:03:38.965" endtime="20210716 20:03:38.966"/>
</branch>
<status status="PASS" starttime="20210716 20:03:38.960" endtime="20210716 20:03:38.966"/>
</if>
<status status="PASS" starttime="20210716 20:03:38.959" endtime="20210716 20:03:38.966"/>
</iter>
<status status="PASS" starttime="20210716 20:03:38.915" endtime="20210716 20:03:38.967"/>
</for>
<status status="PASS" starttime="20210716 20:03:38.913" endtime="20210716 20:03:38.967"/>
</kw>
<status status="PASS" starttime="20210716 20:03:38.912" endtime="20210716 20:03:38.973"/>
</test>
<doc>Aqui estarão presentes os exercícios do treinamento SIS.</doc>
<status status="PASS" starttime="20210716 20:03:38.868" endtime="20210716 20:03:38.975"/>
</suite>
<statistics>
<total>
<stat pass="2" fail="0" skip="0">All Tests</stat>
</total>
<tag>
</tag>
<suite>
<stat pass="2" fail="0" skip="0" id="s1" name="Exercicios 5">Exercicios 5</stat>
</suite>
</statistics>
<errors>
</errors>
</robot>
