<?xml version="1.0" encoding="UTF-8"?>
<robot generator="Robot 4.0.2 (Python 3.9.5 on win32)" generated="20210715 20:49:14.374" rpa="false" schemaversion="2">
<suite id="s1" name="Exercicios 3" source="C:\Users\galea\OneDrive\Área de Trabalho\treinamentoSIS\exercicios_3.robot">
<test id="s1-t1" name="1 - Crie uma keyword que imprima no console uma lista de números de 0 a 10 utilizando estrutura de repetição">
<kw name="Contar de 0 a 10">
<for flavor="IN RANGE">
<var>${count}</var>
<value>0</value>
<value>11</value>
<iter>
<var name="${count}">0</var>
<kw name="Log To Console" library="BuiltIn">
<arg>${count}</arg>
<doc>Logs the given message to the console.</doc>
<status status="PASS" starttime="20210715 20:49:14.478" endtime="20210715 20:49:14.481"/>
</kw>
<status status="PASS" starttime="20210715 20:49:14.478" endtime="20210715 20:49:14.481"/>
</iter>
<iter>
<var name="${count}">1</var>
<kw name="Log To Console" library="BuiltIn">
<arg>${count}</arg>
<doc>Logs the given message to the console.</doc>
<status status="PASS" starttime="20210715 20:49:14.481" endtime="20210715 20:49:14.486"/>
</kw>
<status status="PASS" starttime="20210715 20:49:14.481" endtime="20210715 20:49:14.486"/>
</iter>
<iter>
<var name="${count}">2</var>
<kw name="Log To Console" library="BuiltIn">
<arg>${count}</arg>
<doc>Logs the given message to the console.</doc>
<status status="PASS" starttime="20210715 20:49:14.487" endtime="20210715 20:49:14.496"/>
</kw>
<status status="PASS" starttime="20210715 20:49:14.487" endtime="20210715 20:49:14.496"/>
</iter>
<iter>
<var name="${count}">3</var>
<kw name="Log To Console" library="BuiltIn">
<arg>${count}</arg>
<doc>Logs the given message to the console.</doc>
<status status="PASS" starttime="20210715 20:49:14.496" endtime="20210715 20:49:14.498"/>
</kw>
<status status="PASS" starttime="20210715 20:49:14.496" endtime="20210715 20:49:14.499"/>
</iter>
<iter>
<var name="${count}">4</var>
<kw name="Log To Console" library="BuiltIn">
<arg>${count}</arg>
<doc>Logs the given message to the console.</doc>
<status status="PASS" starttime="20210715 20:49:14.499" endtime="20210715 20:49:14.502"/>
</kw>
<status status="PASS" starttime="20210715 20:49:14.499" endtime="20210715 20:49:14.502"/>
</iter>
<iter>
<var name="${count}">5</var>
<kw name="Log To Console" library="BuiltIn">
<arg>${count}</arg>
<doc>Logs the given message to the console.</doc>
<status status="PASS" starttime="20210715 20:49:14.503" endtime="20210715 20:49:14.508"/>
</kw>
<status status="PASS" starttime="20210715 20:49:14.502" endtime="20210715 20:49:14.509"/>
</iter>
<iter>
<var name="${count}">6</var>
<kw name="Log To Console" library="BuiltIn">
<arg>${count}</arg>
<doc>Logs the given message to the console.</doc>
<status status="PASS" starttime="20210715 20:49:14.510" endtime="20210715 20:49:14.512"/>
</kw>
<status status="PASS" starttime="20210715 20:49:14.509" endtime="20210715 20:49:14.512"/>
</iter>
<iter>
<var name="${count}">7</var>
<kw name="Log To Console" library="BuiltIn">
<arg>${count}</arg>
<doc>Logs the given message to the console.</doc>
<status status="PASS" starttime="20210715 20:49:14.512" endtime="20210715 20:49:14.514"/>
</kw>
<status status="PASS" starttime="20210715 20:49:14.512" endtime="20210715 20:49:14.514"/>
</iter>
<iter>
<var name="${count}">8</var>
<kw name="Log To Console" library="BuiltIn">
<arg>${count}</arg>
<doc>Logs the given message to the console.</doc>
<status status="PASS" starttime="20210715 20:49:14.515" endtime="20210715 20:49:14.518"/>
</kw>
<status status="PASS" starttime="20210715 20:49:14.515" endtime="20210715 20:49:14.518"/>
</iter>
<iter>
<var name="${count}">9</var>
<kw name="Log To Console" library="BuiltIn">
<arg>${count}</arg>
<doc>Logs the given message to the console.</doc>
<status status="PASS" starttime="20210715 20:49:14.519" endtime="20210715 20:49:14.527"/>
</kw>
<status status="PASS" starttime="20210715 20:49:14.519" endtime="20210715 20:49:14.528"/>
</iter>
<iter>
<var name="${count}">10</var>
<kw name="Log To Console" library="BuiltIn">
<arg>${count}</arg>
<doc>Logs the given message to the console.</doc>
<status status="PASS" starttime="20210715 20:49:14.532" endtime="20210715 20:49:14.535"/>
</kw>
<status status="PASS" starttime="20210715 20:49:14.528" endtime="20210715 20:49:14.535"/>
</iter>
<status status="PASS" starttime="20210715 20:49:14.478" endtime="20210715 20:49:14.535"/>
</for>
<status status="PASS" starttime="20210715 20:49:14.477" endtime="20210715 20:49:14.536"/>
</kw>
<status status="PASS" starttime="20210715 20:49:14.469" endtime="20210715 20:49:14.537"/>
</test>
<test id="s1-t2" name="2 - Crie uma keyword que imprima no console uma lista de números em formato crescente, baseado em um argumento recebido com o número máximo de iterações.">
<kw name="Contar ate numero maximo">
<arg>51</arg>
<for flavor="IN RANGE">
<var>${count}</var>
<value>0</value>
<value>${VALOR}</value>
<iter>
<var name="${count}">0</var>
<kw name="Log To Console" library="BuiltIn">
<arg>${count}</arg>
<doc>Logs the given message to the console.</doc>
<status status="PASS" starttime="20210715 20:49:14.559" endtime="20210715 20:49:14.561"/>
</kw>
<status status="PASS" starttime="20210715 20:49:14.558" endtime="20210715 20:49:14.561"/>
</iter>
<iter>
<var name="${count}">1</var>
<kw name="Log To Console" library="BuiltIn">
<arg>${count}</arg>
<doc>Logs the given message to the console.</doc>
<status status="PASS" starttime="20210715 20:49:14.562" endtime="20210715 20:49:14.567"/>
</kw>
<status status="PASS" starttime="20210715 20:49:14.562" endtime="20210715 20:49:14.567"/>
</iter>
<iter>
<var name="${count}">2</var>
<kw name="Log To Console" library="BuiltIn">
<arg>${count}</arg>
<doc>Logs the given message to the console.</doc>
<status status="PASS" starttime="20210715 20:49:14.568" endtime="20210715 20:49:14.569"/>
</kw>
<status status="PASS" starttime="20210715 20:49:14.567" endtime="20210715 20:49:14.569"/>
</iter>
<iter>
<var name="${count}">3</var>
<kw name="Log To Console" library="BuiltIn">
<arg>${count}</arg>
<doc>Logs the given message to the console.</doc>
<status status="PASS" starttime="20210715 20:49:14.570" endtime="20210715 20:49:14.573"/>
</kw>
<status status="PASS" starttime="20210715 20:49:14.570" endtime="20210715 20:49:14.573"/>
</iter>
<iter>
<var name="${count}">4</var>
<kw name="Log To Console" library="BuiltIn">
<arg>${count}</arg>
<doc>Logs the given message to the console.</doc>
<status status="PASS" starttime="20210715 20:49:14.574" endtime="20210715 20:49:14.575"/>
</kw>
<status status="PASS" starttime="20210715 20:49:14.573" endtime="20210715 20:49:14.575"/>
</iter>
<iter>
<var name="${count}">5</var>
<kw name="Log To Console" library="BuiltIn">
<arg>${count}</arg>
<doc>Logs the given message to the console.</doc>
<status status="PASS" starttime="20210715 20:49:14.575" endtime="20210715 20:49:14.578"/>
</kw>
<status status="PASS" starttime="20210715 20:49:14.575" endtime="20210715 20:49:14.579"/>
</iter>
<iter>
<var name="${count}">6</var>
<kw name="Log To Console" library="BuiltIn">
<arg>${count}</arg>
<doc>Logs the given message to the console.</doc>
<status status="PASS" starttime="20210715 20:49:14.580" endtime="20210715 20:49:14.581"/>
</kw>
<status status="PASS" starttime="20210715 20:49:14.579" endtime="20210715 20:49:14.582"/>
</iter>
<iter>
<var name="${count}">7</var>
<kw name="Log To Console" library="BuiltIn">
<arg>${count}</arg>
<doc>Logs the given message to the console.</doc>
<status status="PASS" starttime="20210715 20:49:14.582" endtime="20210715 20:49:14.583"/>
</kw>
<status status="PASS" starttime="20210715 20:49:14.582" endtime="20210715 20:49:14.583"/>
</iter>
<iter>
<var name="${count}">8</var>
<kw name="Log To Console" library="BuiltIn">
<arg>${count}</arg>
<doc>Logs the given message to the console.</doc>
<status status="PASS" starttime="20210715 20:49:14.584" endtime="20210715 20:49:14.584"/>
</kw>
<status status="PASS" starttime="20210715 20:49:14.583" endtime="20210715 20:49:14.584"/>
</iter>
<iter>
<var name="${count}">9</var>
<kw name="Log To Console" library="BuiltIn">
<arg>${count}</arg>
<doc>Logs the given message to the console.</doc>
<status status="PASS" starttime="20210715 20:49:14.585" endtime="20210715 20:49:14.586"/>
</kw>
<status status="PASS" starttime="20210715 20:49:14.585" endtime="20210715 20:49:14.586"/>
</iter>
<iter>
<var name="${count}">10</var>
<kw name="Log To Console" library="BuiltIn">
<arg>${count}</arg>
<doc>Logs the given message to the console.</doc>
<status status="PASS" starttime="20210715 20:49:14.586" endtime="20210715 20:49:14.587"/>
</kw>
<status status="PASS" starttime="20210715 20:49:14.586" endtime="20210715 20:49:14.589"/>
</iter>
<iter>
<var name="${count}">11</var>
<kw name="Log To Console" library="BuiltIn">
<arg>${count}</arg>
<doc>Logs the given message to the console.</doc>
<status status="PASS" starttime="20210715 20:49:14.591" endtime="20210715 20:49:14.593"/>
</kw>
<status status="PASS" starttime="20210715 20:49:14.590" endtime="20210715 20:49:14.593"/>
</iter>
<iter>
<var name="${count}">12</var>
<kw name="Log To Console" library="BuiltIn">
<arg>${count}</arg>
<doc>Logs the given message to the console.</doc>
<status status="PASS" starttime="20210715 20:49:14.593" endtime="20210715 20:49:14.595"/>
</kw>
<status status="PASS" starttime="20210715 20:49:14.593" endtime="20210715 20:49:14.597"/>
</iter>
<iter>
<var name="${count}">13</var>
<kw name="Log To Console" library="BuiltIn">
<arg>${count}</arg>
<doc>Logs the given message to the console.</doc>
<status status="PASS" starttime="20210715 20:49:14.600" endtime="20210715 20:49:14.602"/>
</kw>
<status status="PASS" starttime="20210715 20:49:14.599" endtime="20210715 20:49:14.602"/>
</iter>
<iter>
<var name="${count}">14</var>
<kw name="Log To Console" library="BuiltIn">
<arg>${count}</arg>
<doc>Logs the given message to the console.</doc>
<status status="PASS" starttime="20210715 20:49:14.603" endtime="20210715 20:49:14.608"/>
</kw>
<status status="PASS" starttime="20210715 20:49:14.603" endtime="20210715 20:49:14.609"/>
</iter>
<iter>
<var name="${count}">15</var>
<kw name="Log To Console" library="BuiltIn">
<arg>${count}</arg>
<doc>Logs the given message to the console.</doc>
<status status="PASS" starttime="20210715 20:49:14.613" endtime="20210715 20:49:14.616"/>
</kw>
<status status="PASS" starttime="20210715 20:49:14.609" endtime="20210715 20:49:14.616"/>
</iter>
<iter>
<var name="${count}">16</var>
<kw name="Log To Console" library="BuiltIn">
<arg>${count}</arg>
<doc>Logs the given message to the console.</doc>
<status status="PASS" starttime="20210715 20:49:14.616" endtime="20210715 20:49:14.627"/>
</kw>
<status status="PASS" starttime="20210715 20:49:14.616" endtime="20210715 20:49:14.627"/>
</iter>
<iter>
<var name="${count}">17</var>
<kw name="Log To Console" library="BuiltIn">
<arg>${count}</arg>
<doc>Logs the given message to the console.</doc>
<status status="PASS" starttime="20210715 20:49:14.628" endtime="20210715 20:49:14.644"/>
</kw>
<status status="PASS" starttime="20210715 20:49:14.627" endtime="20210715 20:49:14.644"/>
</iter>
<iter>
<var name="${count}">18</var>
<kw name="Log To Console" library="BuiltIn">
<arg>${count}</arg>
<doc>Logs the given message to the console.</doc>
<status status="PASS" starttime="20210715 20:49:14.644" endtime="20210715 20:49:14.647"/>
</kw>
<status status="PASS" starttime="20210715 20:49:14.644" endtime="20210715 20:49:14.647"/>
</iter>
<iter>
<var name="${count}">19</var>
<kw name="Log To Console" library="BuiltIn">
<arg>${count}</arg>
<doc>Logs the given message to the console.</doc>
<status status="PASS" starttime="20210715 20:49:14.652" endtime="20210715 20:49:14.655"/>
</kw>
<status status="PASS" starttime="20210715 20:49:14.647" endtime="20210715 20:49:14.656"/>
</iter>
<iter>
<var name="${count}">20</var>
<kw name="Log To Console" library="BuiltIn">
<arg>${count}</arg>
<doc>Logs the given message to the console.</doc>
<status status="PASS" starttime="20210715 20:49:14.656" endtime="20210715 20:49:14.660"/>
</kw>
<status status="PASS" starttime="20210715 20:49:14.656" endtime="20210715 20:49:14.660"/>
</iter>
<iter>
<var name="${count}">21</var>
<kw name="Log To Console" library="BuiltIn">
<arg>${count}</arg>
<doc>Logs the given message to the console.</doc>
<status status="PASS" starttime="20210715 20:49:14.663" endtime="20210715 20:49:14.663"/>
</kw>
<status status="PASS" starttime="20210715 20:49:14.663" endtime="20210715 20:49:14.663"/>
</iter>
<iter>
<var name="${count}">22</var>
<kw name="Log To Console" library="BuiltIn">
<arg>${count}</arg>
<doc>Logs the given message to the console.</doc>
<status status="PASS" starttime="20210715 20:49:14.664" endtime="20210715 20:49:14.665"/>
</kw>
<status status="PASS" starttime="20210715 20:49:14.664" endtime="20210715 20:49:14.665"/>
</iter>
<iter>
<var name="${count}">23</var>
<kw name="Log To Console" library="BuiltIn">
<arg>${count}</arg>
<doc>Logs the given message to the console.</doc>
<status status="PASS" starttime="20210715 20:49:14.666" endtime="20210715 20:49:14.669"/>
</kw>
<status status="PASS" starttime="20210715 20:49:14.666" endtime="20210715 20:49:14.669"/>
</iter>
<iter>
<var name="${count}">24</var>
<kw name="Log To Console" library="BuiltIn">
<arg>${count}</arg>
<doc>Logs the given message to the console.</doc>
<status status="PASS" starttime="20210715 20:49:14.670" endtime="20210715 20:49:14.671"/>
</kw>
<status status="PASS" starttime="20210715 20:49:14.669" endtime="20210715 20:49:14.673"/>
</iter>
<iter>
<var name="${count}">25</var>
<kw name="Log To Console" library="BuiltIn">
<arg>${count}</arg>
<doc>Logs the given message to the console.</doc>
<status status="PASS" starttime="20210715 20:49:14.674" endtime="20210715 20:49:14.677"/>
</kw>
<status status="PASS" starttime="20210715 20:49:14.674" endtime="20210715 20:49:14.679"/>
</iter>
<iter>
<var name="${count}">26</var>
<kw name="Log To Console" library="BuiltIn">
<arg>${count}</arg>
<doc>Logs the given message to the console.</doc>
<status status="PASS" starttime="20210715 20:49:14.680" endtime="20210715 20:49:14.681"/>
</kw>
<status status="PASS" starttime="20210715 20:49:14.679" endtime="20210715 20:49:14.681"/>
</iter>
<iter>
<var name="${count}">27</var>
<kw name="Log To Console" library="BuiltIn">
<arg>${count}</arg>
<doc>Logs the given message to the console.</doc>
<status status="PASS" starttime="20210715 20:49:14.682" endtime="20210715 20:49:14.683"/>
</kw>
<status status="PASS" starttime="20210715 20:49:14.682" endtime="20210715 20:49:14.683"/>
</iter>
<iter>
<var name="${count}">28</var>
<kw name="Log To Console" library="BuiltIn">
<arg>${count}</arg>
<doc>Logs the given message to the console.</doc>
<status status="PASS" starttime="20210715 20:49:14.684" endtime="20210715 20:49:14.684"/>
</kw>
<status status="PASS" starttime="20210715 20:49:14.683" endtime="20210715 20:49:14.685"/>
</iter>
<iter>
<var name="${count}">29</var>
<kw name="Log To Console" library="BuiltIn">
<arg>${count}</arg>
<doc>Logs the given message to the console.</doc>
<status status="PASS" starttime="20210715 20:49:14.685" endtime="20210715 20:49:14.686"/>
</kw>
<status status="PASS" starttime="20210715 20:49:14.685" endtime="20210715 20:49:14.686"/>
</iter>
<iter>
<var name="${count}">30</var>
<kw name="Log To Console" library="BuiltIn">
<arg>${count}</arg>
<doc>Logs the given message to the console.</doc>
<status status="PASS" starttime="20210715 20:49:14.686" endtime="20210715 20:49:14.687"/>
</kw>
<status status="PASS" starttime="20210715 20:49:14.686" endtime="20210715 20:49:14.687"/>
</iter>
<iter>
<var name="${count}">31</var>
<kw name="Log To Console" library="BuiltIn">
<arg>${count}</arg>
<doc>Logs the given message to the console.</doc>
<status status="PASS" starttime="20210715 20:49:14.688" endtime="20210715 20:49:14.689"/>
</kw>
<status status="PASS" starttime="20210715 20:49:14.687" endtime="20210715 20:49:14.689"/>
</iter>
<iter>
<var name="${count}">32</var>
<kw name="Log To Console" library="BuiltIn">
<arg>${count}</arg>
<doc>Logs the given message to the console.</doc>
<status status="PASS" starttime="20210715 20:49:14.691" endtime="20210715 20:49:14.692"/>
</kw>
<status status="PASS" starttime="20210715 20:49:14.690" endtime="20210715 20:49:14.692"/>
</iter>
<iter>
<var name="${count}">33</var>
<kw name="Log To Console" library="BuiltIn">
<arg>${count}</arg>
<doc>Logs the given message to the console.</doc>
<status status="PASS" starttime="20210715 20:49:14.694" endtime="20210715 20:49:14.694"/>
</kw>
<status status="PASS" starttime="20210715 20:49:14.693" endtime="20210715 20:49:14.694"/>
</iter>
<iter>
<var name="${count}">34</var>
<kw name="Log To Console" library="BuiltIn">
<arg>${count}</arg>
<doc>Logs the given message to the console.</doc>
<status status="PASS" starttime="20210715 20:49:14.695" endtime="20210715 20:49:14.695"/>
</kw>
<status status="PASS" starttime="20210715 20:49:14.694" endtime="20210715 20:49:14.695"/>
</iter>
<iter>
<var name="${count}">35</var>
<kw name="Log To Console" library="BuiltIn">
<arg>${count}</arg>
<doc>Logs the given message to the console.</doc>
<status status="PASS" starttime="20210715 20:49:14.696" endtime="20210715 20:49:14.696"/>
</kw>
<status status="PASS" starttime="20210715 20:49:14.696" endtime="20210715 20:49:14.697"/>
</iter>
<iter>
<var name="${count}">36</var>
<kw name="Log To Console" library="BuiltIn">
<arg>${count}</arg>
<doc>Logs the given message to the console.</doc>
<status status="PASS" starttime="20210715 20:49:14.697" endtime="20210715 20:49:14.698"/>
</kw>
<status status="PASS" starttime="20210715 20:49:14.697" endtime="20210715 20:49:14.698"/>
</iter>
<iter>
<var name="${count}">37</var>
<kw name="Log To Console" library="BuiltIn">
<arg>${count}</arg>
<doc>Logs the given message to the console.</doc>
<status status="PASS" starttime="20210715 20:49:14.699" endtime="20210715 20:49:14.699"/>
</kw>
<status status="PASS" starttime="20210715 20:49:14.698" endtime="20210715 20:49:14.699"/>
</iter>
<iter>
<var name="${count}">38</var>
<kw name="Log To Console" library="BuiltIn">
<arg>${count}</arg>
<doc>Logs the given message to the console.</doc>
<status status="PASS" starttime="20210715 20:49:14.700" endtime="20210715 20:49:14.700"/>
</kw>
<status status="PASS" starttime="20210715 20:49:14.700" endtime="20210715 20:49:14.700"/>
</iter>
<iter>
<var name="${count}">39</var>
<kw name="Log To Console" library="BuiltIn">
<arg>${count}</arg>
<doc>Logs the given message to the console.</doc>
<status status="PASS" starttime="20210715 20:49:14.701" endtime="20210715 20:49:14.702"/>
</kw>
<status status="PASS" starttime="20210715 20:49:14.701" endtime="20210715 20:49:14.702"/>
</iter>
<iter>
<var name="${count}">40</var>
<kw name="Log To Console" library="BuiltIn">
<arg>${count}</arg>
<doc>Logs the given message to the console.</doc>
<status status="PASS" starttime="20210715 20:49:14.702" endtime="20210715 20:49:14.703"/>
</kw>
<status status="PASS" starttime="20210715 20:49:14.702" endtime="20210715 20:49:14.703"/>
</iter>
<iter>
<var name="${count}">41</var>
<kw name="Log To Console" library="BuiltIn">
<arg>${count}</arg>
<doc>Logs the given message to the console.</doc>
<status status="PASS" starttime="20210715 20:49:14.703" endtime="20210715 20:49:14.705"/>
</kw>
<status status="PASS" starttime="20210715 20:49:14.703" endtime="20210715 20:49:14.705"/>
</iter>
<iter>
<var name="${count}">42</var>
<kw name="Log To Console" library="BuiltIn">
<arg>${count}</arg>
<doc>Logs the given message to the console.</doc>
<status status="PASS" starttime="20210715 20:49:14.706" endtime="20210715 20:49:14.708"/>
</kw>
<status status="PASS" starttime="20210715 20:49:14.706" endtime="20210715 20:49:14.708"/>
</iter>
<iter>
<var name="${count}">43</var>
<kw name="Log To Console" library="BuiltIn">
<arg>${count}</arg>
<doc>Logs the given message to the console.</doc>
<status status="PASS" starttime="20210715 20:49:14.710" endtime="20210715 20:49:14.711"/>
</kw>
<status status="PASS" starttime="20210715 20:49:14.709" endtime="20210715 20:49:14.711"/>
</iter>
<iter>
<var name="${count}">44</var>
<kw name="Log To Console" library="BuiltIn">
<arg>${count}</arg>
<doc>Logs the given message to the console.</doc>
<status status="PASS" starttime="20210715 20:49:14.711" endtime="20210715 20:49:14.712"/>
</kw>
<status status="PASS" starttime="20210715 20:49:14.711" endtime="20210715 20:49:14.712"/>
</iter>
<iter>
<var name="${count}">45</var>
<kw name="Log To Console" library="BuiltIn">
<arg>${count}</arg>
<doc>Logs the given message to the console.</doc>
<status status="PASS" starttime="20210715 20:49:14.713" endtime="20210715 20:49:14.715"/>
</kw>
<status status="PASS" starttime="20210715 20:49:14.712" endtime="20210715 20:49:14.715"/>
</iter>
<iter>
<var name="${count}">46</var>
<kw name="Log To Console" library="BuiltIn">
<arg>${count}</arg>
<doc>Logs the given message to the console.</doc>
<status status="PASS" starttime="20210715 20:49:14.716" endtime="20210715 20:49:14.717"/>
</kw>
<status status="PASS" starttime="20210715 20:49:14.716" endtime="20210715 20:49:14.717"/>
</iter>
<iter>
<var name="${count}">47</var>
<kw name="Log To Console" library="BuiltIn">
<arg>${count}</arg>
<doc>Logs the given message to the console.</doc>
<status status="PASS" starttime="20210715 20:49:14.717" endtime="20210715 20:49:14.718"/>
</kw>
<status status="PASS" starttime="20210715 20:49:14.717" endtime="20210715 20:49:14.719"/>
</iter>
<iter>
<var name="${count}">48</var>
<kw name="Log To Console" library="BuiltIn">
<arg>${count}</arg>
<doc>Logs the given message to the console.</doc>
<status status="PASS" starttime="20210715 20:49:14.719" endtime="20210715 20:49:14.720"/>
</kw>
<status status="PASS" starttime="20210715 20:49:14.719" endtime="20210715 20:49:14.720"/>
</iter>
<iter>
<var name="${count}">49</var>
<kw name="Log To Console" library="BuiltIn">
<arg>${count}</arg>
<doc>Logs the given message to the console.</doc>
<status status="PASS" starttime="20210715 20:49:14.720" endtime="20210715 20:49:14.725"/>
</kw>
<status status="PASS" starttime="20210715 20:49:14.720" endtime="20210715 20:49:14.725"/>
</iter>
<iter>
<var name="${count}">50</var>
<kw name="Log To Console" library="BuiltIn">
<arg>${count}</arg>
<doc>Logs the given message to the console.</doc>
<status status="PASS" starttime="20210715 20:49:14.725" endtime="20210715 20:49:14.727"/>
</kw>
<status status="PASS" starttime="20210715 20:49:14.725" endtime="20210715 20:49:14.727"/>
</iter>
<status status="PASS" starttime="20210715 20:49:14.554" endtime="20210715 20:49:14.727"/>
</for>
<status status="PASS" starttime="20210715 20:49:14.553" endtime="20210715 20:49:14.729"/>
</kw>
<status status="PASS" starttime="20210715 20:49:14.547" endtime="20210715 20:49:14.730"/>
</test>
<test id="s1-t3" name="3 - Crie uma keyword que imprime no console uma lista recebida por argumento.">
<kw name="Lista">
<arg>@{Frutas}</arg>
<for flavor="IN">
<var>${Fruta}</var>
<value>@{Frutas}</value>
<iter>
<var name="${Fruta}">Maça</var>
<kw name="Log To Console" library="BuiltIn">
<arg>${Fruta}</arg>
<doc>Logs the given message to the console.</doc>
<status status="PASS" starttime="20210715 20:49:14.733" endtime="20210715 20:49:14.733"/>
</kw>
<status status="PASS" starttime="20210715 20:49:14.733" endtime="20210715 20:49:14.733"/>
</iter>
<iter>
<var name="${Fruta}">Melancia</var>
<kw name="Log To Console" library="BuiltIn">
<arg>${Fruta}</arg>
<doc>Logs the given message to the console.</doc>
<status status="PASS" starttime="20210715 20:49:14.734" endtime="20210715 20:49:14.735"/>
</kw>
<status status="PASS" starttime="20210715 20:49:14.734" endtime="20210715 20:49:14.735"/>
</iter>
<iter>
<var name="${Fruta}">Manga</var>
<kw name="Log To Console" library="BuiltIn">
<arg>${Fruta}</arg>
<doc>Logs the given message to the console.</doc>
<status status="PASS" starttime="20210715 20:49:14.735" endtime="20210715 20:49:14.736"/>
</kw>
<status status="PASS" starttime="20210715 20:49:14.735" endtime="20210715 20:49:14.736"/>
</iter>
<iter>
<var name="${Fruta}">Morango</var>
<kw name="Log To Console" library="BuiltIn">
<arg>${Fruta}</arg>
<doc>Logs the given message to the console.</doc>
<status status="PASS" starttime="20210715 20:49:14.736" endtime="20210715 20:49:14.739"/>
</kw>
<status status="PASS" starttime="20210715 20:49:14.736" endtime="20210715 20:49:14.739"/>
</iter>
<status status="PASS" starttime="20210715 20:49:14.732" endtime="20210715 20:49:14.739"/>
</for>
<status status="PASS" starttime="20210715 20:49:14.732" endtime="20210715 20:49:14.739"/>
</kw>
<status status="PASS" starttime="20210715 20:49:14.731" endtime="20210715 20:49:14.740"/>
</test>
<doc>Aqui estarão presentes os exercícios do treinamento SIS.</doc>
<status status="PASS" starttime="20210715 20:49:14.377" endtime="20210715 20:49:14.743"/>
</suite>
<statistics>
<total>
<stat pass="3" fail="0" skip="0">All Tests</stat>
</total>
<tag>
</tag>
<suite>
<stat pass="3" fail="0" skip="0" id="s1" name="Exercicios 3">Exercicios 3</stat>
</suite>
</statistics>
<errors>
</errors>
</robot>
